ISim log file
Running: F:\My Documents\Verilog\RS232\parityDetector_isim_beh.exe -intstyle ise -gui -tclbatch isim.cmd -wdb F:/My Documents/Verilog/RS232/parityDetector_isim_beh.wdb 
ISim P.20131013 (signature 0x7708f090)
This is a Full version of ISim.
Time resolution is 1 ps
# onerror resume
# wave add /
# run 1000 ns
Simulator is doing circuit initialization process.
Finished circuit initialization process.
# isim force add /parityDetector/clk 1 -radix bin -value 0 -radix bin -time 5 ns -repeat 10 ns
# isim force add /parityDetector/rst 1 -radix bin -cancel 10 ns
# isim force add /parityDetector/data 10101010 -radix bin -cancel 10 ns
# run 10ns
i =           1 parity = 0
i =           2 parity = 1
i =           3 parity = 1
i =           4 parity = 0
i =           5 parity = 0
i =           6 parity = 1
i =           7 parity = 1
i =           1 parity = z
i =           2 parity = x
i =           3 parity = x
i =           4 parity = x
i =           5 parity = x
i =           6 parity = x
i =           7 parity = x
